<?xml version="1.0" encoding="UTF-8"?>
<testng-results ignored="0" total="1" passed="1" failed="0" skipped="0">
  <reporter-output>
  </reporter-output>
  <suite started-at="2024-06-12T21:48:30 IST" name="Default suite" finished-at="2024-06-12T21:50:03 IST" duration-ms="93375">
    <groups>
    </groups>
    <test started-at="2024-06-12T21:48:30 IST" name="Default test" finished-at="2024-06-12T21:50:03 IST" duration-ms="93375">
      <class name="com.testautomation.login.LoginTest">
        <test-method is-config="true" signature="setupExtentReport()[pri:0, instance:com.testautomation.login.LoginTest@30c15d8b]" started-at="2024-06-12T21:48:29 IST" name="setupExtentReport" finished-at="2024-06-12T21:48:30 IST" duration-ms="293" status="PASS">
          <reporter-output>
          </reporter-output>
        </test-method> <!-- setupExtentReport -->
        <test-method is-config="true" signature="TestSetup()[pri:0, instance:com.testautomation.login.LoginTest@30c15d8b]" started-at="2024-06-12T21:48:30 IST" name="TestSetup" finished-at="2024-06-12T21:48:41 IST" duration-ms="11202" status="PASS">
          <reporter-output>
          </reporter-output>
        </test-method> <!-- TestSetup -->
        <test-method is-config="true" signature="setUp()[pri:0, instance:com.testautomation.login.LoginTest@30c15d8b]" started-at="2024-06-12T21:48:41 IST" name="setUp" finished-at="2024-06-12T21:48:42 IST" duration-ms="525" status="PASS">
          <reporter-output>
          </reporter-output>
        </test-method> <!-- setUp -->
        <test-method signature="ReadData()[pri:0, instance:com.testautomation.login.LoginTest@30c15d8b]" started-at="2024-06-12T21:48:42 IST" name="ReadData" finished-at="2024-06-12T21:50:01 IST" duration-ms="79054" status="PASS">
          <reporter-output>
          </reporter-output>
        </test-method> <!-- ReadData -->
        <test-method is-config="true" signature="closeBrowser()[pri:0, instance:com.testautomation.login.LoginTest@30c15d8b]" started-at="2024-06-12T21:50:01 IST" name="closeBrowser" finished-at="2024-06-12T21:50:03 IST" duration-ms="2485" status="PASS">
          <reporter-output>
          </reporter-output>
        </test-method> <!-- closeBrowser -->
        <test-method is-config="true" signature="flushExtentReport()[pri:0, instance:com.testautomation.login.LoginTest@30c15d8b]" started-at="2024-06-12T21:50:04 IST" name="flushExtentReport" finished-at="2024-06-12T21:50:05 IST" duration-ms="1703" status="PASS">
          <reporter-output>
          </reporter-output>
        </test-method> <!-- flushExtentReport -->
      </class> <!-- com.testautomation.login.LoginTest -->
    </test> <!-- Default test -->
  </suite> <!-- Default suite -->
</testng-results>
